=== Phase 7 Final Configuration Check ===
Date: Wed Apr  1 04:04:38 UTC 2026

Compilation status: FAILED (10 errors - expected at this stage)
Errors are API-level changes to be resolved in Phase 8:
  - JJWT 0.12.x API changes (parserBuilder -> parser)
  - DGS 8.x GraphQL PageInfo type changes
  - DGS 8.x DataFetcherExceptionHandler interface changes
  - Spring 6.x ResponseEntityExceptionHandler method signature changes

=== application.properties content ===
spring.datasource.url=jdbc:sqlite:dev.db
spring.datasource.driver-class-name=org.sqlite.JDBC
spring.datasource.username=
spring.datasource.password=
spring.jackson.deserialization.UNWRAP_ROOT_VALUE=true

image.default=https://static.productionready.io/images/smiley-cyrus.jpg

jwt.secret=nRvyYC4soFxBdZ-F-5Nnzz5USXstR1YylsTd-mA0aKtI9HUlriGrtkf-TiuDapkLiUCogO3JOK7kwZisrHp6wA
jwt.sessionTime=86400

mybatis.configuration.cache-enabled=true
mybatis.configuration.default-statement-timeout=3000
mybatis.configuration.map-underscore-to-camel-case=true
mybatis.configuration.use-generated-keys=true
mybatis.type-handlers-package=io.spring.infrastructure.mybatis
mybatis.mapper-locations=mapper/*.xml

logging.level.io.spring.infrastructure.mybatis.readservice.ArticleReadService=DEBUG
logging.level.io.spring.infrastructure.mybatis.mapper=DEBUG

=== Property verification ===
src/main/resources/application-test.properties:spring.datasource.url=jdbc:sqlite::memory:
src/main/resources/application.properties:spring.datasource.url=jdbc:sqlite:dev.db
src/main/resources/application.properties:spring.datasource.driver-class-name=org.sqlite.JDBC
src/main/resources/application.properties:spring.datasource.username=
src/main/resources/application.properties:spring.datasource.password=
src/main/resources/application.properties:spring.jackson.deserialization.UNWRAP_ROOT_VALUE=true
src/main/resources/application.properties:mybatis.type-handlers-package=io.spring.infrastructure.mybatis
src/main/resources/application.properties:logging.level.io.spring.infrastructure.mybatis.readservice.ArticleReadService=DEBUG
src/main/resources/application.properties:logging.level.io.spring.infrastructure.mybatis.mapper=DEBUG
